Running Gradle task 'assembleRelease'...                        
Warning: The plugin shared_preferences_android requires Android SDK version 36 or higher.
For more information about build configuration, see https://flutter.dev/to/review-gradle-config.
Your project is configured to compile against Android SDK 34, but the following plugin(s) require to be compiled against a higher Android SDK version:
- shared_preferences_android compiles against Android SDK 36
Fix this issue by compiling against the highest Android SDK version (they are backward compatible).
Add the following to C:\Users\ayanr\Downloads\1\call-companion-main\call-companion-main\mobile_app\android\app\build.gradle.kts:

    android {
        compileSdk = 36
        ...
    }

FAILURE: Build failed with an exception.

* What went wrong:
Execution failed for task ':app:checkReleaseAarMetadata'.
> A failure occurred while executing com.android.build.gradle.internal.tasks.CheckAarMetadataWorkAction
   > An issue was found when checking AAR metadata:

       1.  Dependency ':call_log' requires desugar_jdk_libs version to be
           2.1.4 or above for :app, which is currently 2.1.2

           See https://d.android.com/studio/build/library-desugaring for more
           details.

* Try:
> Run with --stacktrace option to get the stack trace.
> Run with --info or --debug option to get more log output.
> Run with --scan to get full insights.
> Get more help at https://help.gradle.org.

BUILD FAILED in 6s
Running Gradle task 'assembleRelease'...                            6.5s
Gradle task assembleRelease failed with exit code 1
